{"timestamp": "2026-04-01T17:38:42.768078", "username": "dev", "action": "update", "objectType": "column", "objectId": "fSales.SalesKey", "field": "hidden", "oldValue": "False", "newValue": "True"}
{"timestamp": "2026-04-01T17:38:43.582976", "username": "dev", "action": "update", "objectType": "column", "objectId": "fSales.SalesKey", "field": "hidden", "oldValue": "True", "newValue": "False"}
{"timestamp": "2026-04-01T17:59:40.848224", "username": "dev", "action": "update", "objectType": "column", "objectId": "[FIN] DRE.Cod.DRE", "field": "hidden", "oldValue": "True", "newValue": "False"}
{"timestamp": "2026-04-01T17:59:41.279804", "username": "dev", "action": "update", "objectType": "column", "objectId": "[FIN] DRE.Grupo", "field": "hidden", "oldValue": "True", "newValue": "False"}
{"timestamp": "2026-04-01T17:59:41.623499", "username": "dev", "action": "update", "objectType": "column", "objectId": "[FIN] DRE.Código Conta", "field": "hidden", "oldValue": "True", "newValue": "False"}
{"timestamp": "2026-04-01T17:59:41.983697", "username": "dev", "action": "update", "objectType": "column", "objectId": "[FIN] DRE.Conta", "field": "hidden", "oldValue": "True", "newValue": "False"}
{"timestamp": "2026-04-01T17:59:42.305246", "username": "dev", "action": "update", "objectType": "column", "objectId": "[FIN] DRE.Código Tipo Conta", "field": "hidden", "oldValue": "True", "newValue": "False"}
{"timestamp": "2026-04-01T17:59:42.783671", "username": "dev", "action": "update", "objectType": "column", "objectId": "[FIN] DRE.Tipo Conta", "field": "hidden", "oldValue": "True", "newValue": "False"}
{"timestamp": "2026-04-01T17:59:43.136059", "username": "dev", "action": "update", "objectType": "column", "objectId": "[FIN] DRE.Código Grupo", "field": "hidden", "oldValue": "True", "newValue": "False"}
{"timestamp": "2026-04-01T17:59:43.401477", "username": "dev", "action": "update", "objectType": "column", "objectId": "[FIN] DRE.Operação", "field": "hidden", "oldValue": "True", "newValue": "False"}
{"timestamp": "2026-04-01T17:59:43.664092", "username": "dev", "action": "update", "objectType": "column", "objectId": "[FIN] DRE.Tipo", "field": "hidden", "oldValue": "True", "newValue": "False"}
{"timestamp": "2026-04-01T17:59:43.935938", "username": "dev", "action": "update", "objectType": "column", "objectId": "[FIN] DRE.MostrarConta", "field": "hidden", "oldValue": "True", "newValue": "False"}
{"timestamp": "2026-04-01T17:59:44.208241", "username": "dev", "action": "update", "objectType": "column", "objectId": "[FIN] DRE.Imposto", "field": "hidden", "oldValue": "True", "newValue": "False"}
{"timestamp": "2026-04-01T17:59:44.471977", "username": "dev", "action": "update", "objectType": "column", "objectId": "[FIN] DRE.IR", "field": "hidden", "oldValue": "True", "newValue": "False"}
{"timestamp": "2026-04-01T18:11:28.061597", "username": "dev", "action": "update", "objectType": "column", "objectId": "[FIN] DRE.Código Tipo Conta", "field": "hidden", "oldValue": "False", "newValue": "True"}
{"timestamp": "2026-04-01T18:11:28.286820", "username": "dev", "action": "update", "objectType": "column", "objectId": "[FIN] DRE.Código Tipo Conta", "field": "hidden", "oldValue": "True", "newValue": "False"}
{"timestamp": "2026-04-01T18:11:29.981335", "username": "dev", "action": "update", "objectType": "column", "objectId": "[FIN] DRE.Código Tipo Conta", "field": "hidden", "oldValue": "False", "newValue": "True"}
{"timestamp": "2026-04-01T18:11:30.149337", "username": "dev", "action": "update", "objectType": "column", "objectId": "[FIN] DRE.Código Tipo Conta", "field": "hidden", "oldValue": "True", "newValue": "False"}
{"timestamp": "2026-04-01T18:11:30.293289", "username": "dev", "action": "update", "objectType": "column", "objectId": "[FIN] DRE.Código Tipo Conta", "field": "hidden", "oldValue": "False", "newValue": "True"}
{"timestamp": "2026-04-01T18:11:30.453291", "username": "dev", "action": "update", "objectType": "column", "objectId": "[FIN] DRE.Código Tipo Conta", "field": "hidden", "oldValue": "True", "newValue": "False"}
{"timestamp": "2026-04-01T18:11:30.597486", "username": "dev", "action": "update", "objectType": "column", "objectId": "[FIN] DRE.Código Tipo Conta", "field": "hidden", "oldValue": "False", "newValue": "True"}
{"timestamp": "2026-04-01T18:11:30.733667", "username": "dev", "action": "update", "objectType": "column", "objectId": "[FIN] DRE.Código Tipo Conta", "field": "hidden", "oldValue": "True", "newValue": "False"}
{"timestamp": "2026-04-01T18:11:30.893558", "username": "dev", "action": "update", "objectType": "column", "objectId": "[FIN] DRE.Código Tipo Conta", "field": "hidden", "oldValue": "False", "newValue": "True"}
{"timestamp": "2026-04-01T18:11:31.021547", "username": "dev", "action": "update", "objectType": "column", "objectId": "[FIN] DRE.Código Tipo Conta", "field": "hidden", "oldValue": "True", "newValue": "False"}
{"timestamp": "2026-04-01T18:19:50.308888", "username": "dev", "action": "set_table_hidden", "objectType": "table", "objectId": "[FIN] DRE", "field": "hidden", "oldValue": "True", "newValue": "False", "affectedObjects": 75}
{"timestamp": "2026-04-01T18:37:39.125786", "username": "dev", "action": "set_table_hidden", "objectType": "table", "objectId": "[FIN] DRE", "field": "hidden", "oldValue": "False", "newValue": "True", "affectedObjects": 87}
